<?xml version="1.0" encoding="UTF-8"?>
<!-- Generated by org.testng.reporters.JUnitXMLReporter -->
<testsuite ignored="0" hostname="DESKTOP-FAIQAUP" failures="51" tests="131" name="Default test" time="126.998" errors="0" timestamp="2023-03-29T07:48:29 CDT">
  <testcase classname="io.cucumber.testng.AbstractTestNGCucumberTests" name="runScenario" time="4.418"/>
  <testcase classname="io.cucumber.testng.AbstractTestNGCucumberTests" name="runScenario" time="0.528"/>
  <testcase classname="io.cucumber.testng.AbstractTestNGCucumberTests" name="runScenario" time="0.376"/>
  <testcase classname="io.cucumber.testng.AbstractTestNGCucumberTests" name="runScenario" time="0.651"/>
  <testcase classname="io.cucumber.testng.AbstractTestNGCucumberTests" name="runScenario" time="0.618"/>
  <testcase classname="io.cucumber.testng.AbstractTestNGCucumberTests" name="runScenario" time="0.634"/>
  <testcase classname="io.cucumber.testng.AbstractTestNGCucumberTests" name="runScenario" time="0.742"/>
  <testcase classname="io.cucumber.testng.AbstractTestNGCucumberTests" name="runScenario" time="1.139"/>
  <testcase classname="io.cucumber.testng.AbstractTestNGCucumberTests" name="runScenario" time="0.68"/>
  <testcase classname="io.cucumber.testng.AbstractTestNGCucumberTests" name="runScenario" time="0.675"/>
  <testcase classname="io.cucumber.testng.AbstractTestNGCucumberTests" name="runScenario" time="0.386"/>
  <testcase classname="io.cucumber.testng.AbstractTestNGCucumberTests" name="runScenario" time="0.926"/>
  <testcase classname="io.cucumber.testng.AbstractTestNGCucumberTests" name="runScenario" time="3.909"/>
  <testcase classname="io.cucumber.testng.AbstractTestNGCucumberTests" name="runScenario" time="5.901"/>
  <testcase classname="io.cucumber.testng.AbstractTestNGCucumberTests" name="runScenario" time="0.709"/>
  <testcase classname="io.cucumber.testng.AbstractTestNGCucumberTests" name="runScenario" time="0.879"/>
  <testcase classname="io.cucumber.testng.AbstractTestNGCucumberTests" name="runScenario" time="1.008"/>
  <testcase classname="io.cucumber.testng.AbstractTestNGCucumberTests" name="runScenario" time="1.082"/>
  <testcase classname="io.cucumber.testng.AbstractTestNGCucumberTests" name="runScenario" time="0.667"/>
  <testcase classname="io.cucumber.testng.AbstractTestNGCucumberTests" name="runScenario" time="0.501"/>
  <testcase classname="io.cucumber.testng.AbstractTestNGCucumberTests" name="runScenario" time="0.467"/>
  <testcase classname="io.cucumber.testng.AbstractTestNGCucumberTests" name="runScenario" time="0.599"/>
  <testcase classname="io.cucumber.testng.AbstractTestNGCucumberTests" name="runScenario" time="0.472"/>
  <testcase classname="io.cucumber.testng.AbstractTestNGCucumberTests" name="runScenario" time="0.967"/>
  <testcase classname="io.cucumber.testng.AbstractTestNGCucumberTests" name="runScenario" time="0.847"/>
  <testcase classname="io.cucumber.testng.AbstractTestNGCucumberTests" name="runScenario" time="0.865"/>
  <testcase classname="io.cucumber.testng.AbstractTestNGCucumberTests" name="runScenario" time="0.884"/>
  <testcase classname="io.cucumber.testng.AbstractTestNGCucumberTests" name="runScenario" time="0.883"/>
  <testcase classname="io.cucumber.testng.AbstractTestNGCucumberTests" name="runScenario" time="0.847"/>
  <testcase classname="io.cucumber.testng.AbstractTestNGCucumberTests" name="runScenario" time="0.73"/>
  <testcase classname="io.cucumber.testng.AbstractTestNGCucumberTests" name="runScenario" time="0.671"/>
  <testcase classname="io.cucumber.testng.AbstractTestNGCucumberTests" name="runScenario" time="0.66"/>
  <testcase classname="io.cucumber.testng.AbstractTestNGCucumberTests" name="runScenario" time="0.693"/>
  <testcase classname="io.cucumber.testng.AbstractTestNGCucumberTests" name="runScenario" time="1.152"/>
  <testcase classname="io.cucumber.testng.AbstractTestNGCucumberTests" name="runScenario" time="1.452"/>
  <testcase classname="io.cucumber.testng.AbstractTestNGCucumberTests" name="runScenario" time="1.484"/>
  <testcase classname="io.cucumber.testng.AbstractTestNGCucumberTests" name="runScenario" time="1.429"/>
  <testcase classname="io.cucumber.testng.AbstractTestNGCucumberTests" name="runScenario" time="1.429"/>
  <testcase classname="io.cucumber.testng.AbstractTestNGCucumberTests" name="runScenario" time="1.521"/>
  <testcase classname="io.cucumber.testng.AbstractTestNGCucumberTests" name="runScenario" time="1.441"/>
  <testcase classname="io.cucumber.testng.AbstractTestNGCucumberTests" name="runScenario" time="1.475"/>
  <testcase classname="io.cucumber.testng.AbstractTestNGCucumberTests" name="runScenario" time="1.417"/>
  <testcase classname="io.cucumber.testng.AbstractTestNGCucumberTests" name="runScenario" time="1.445"/>
  <testcase classname="io.cucumber.testng.AbstractTestNGCucumberTests" name="runScenario" time="1.367"/>
  <testcase classname="io.cucumber.testng.AbstractTestNGCucumberTests" name="runScenario" time="1.411"/>
  <testcase classname="io.cucumber.testng.AbstractTestNGCucumberTests" name="runScenario" time="1.447"/>
  <testcase classname="io.cucumber.testng.AbstractTestNGCucumberTests" name="runScenario" time="1.429"/>
  <testcase classname="io.cucumber.testng.AbstractTestNGCucumberTests" name="runScenario" time="0.491"/>
  <testcase classname="io.cucumber.testng.AbstractTestNGCucumberTests" name="runScenario" time="0.419">
    <failure type="java.lang.NullPointerException" message="Cannot invoke &amp;quot;org.openqa.selenium.WebDriver.findElement(org.openqa.selenium.By)&amp;quot; because &amp;quot;StepDefinition.Base.driver&amp;quot; is null">
      <![CDATA[java.lang.NullPointerException: Cannot invoke "org.openqa.selenium.WebDriver.findElement(org.openqa.selenium.By)" because "StepDefinition.Base.driver" is null
at StepDefinition.Base.the_user_clicks_on_tryhere_link(Base.java:143)
at ✽.The user clicks on Tryhere link(file:///C:/Users/gayat/eclipse-workspace/DS_Algo_final/src/test/resources/features/5DataStructures.feature:20)
]]>
    </failure>
  </testcase> <!-- runScenario -->
  <testcase classname="io.cucumber.testng.AbstractTestNGCucumberTests" name="runScenario" time="0.404">
    <failure type="java.lang.NullPointerException" message="Cannot invoke &amp;quot;org.openqa.selenium.WebDriver.findElement(org.openqa.selenium.By)&amp;quot; because &amp;quot;StepDefinition.Base.driver&amp;quot; is null">
      <![CDATA[java.lang.NullPointerException: Cannot invoke "org.openqa.selenium.WebDriver.findElement(org.openqa.selenium.By)" because "StepDefinition.Base.driver" is null
at StepDefinition.Base.the_user_clicks_on_tryhere_link(Base.java:143)
at ✽.The user clicks on Tryhere link(file:///C:/Users/gayat/eclipse-workspace/DS_Algo_final/src/test/resources/features/5DataStructures.feature:27)
]]>
    </failure>
  </testcase> <!-- runScenario -->
  <testcase classname="io.cucumber.testng.AbstractTestNGCucumberTests" name="runScenario" time="0.391">
    <failure type="java.lang.NullPointerException" message="Cannot invoke &amp;quot;org.openqa.selenium.WebDriver.findElement(org.openqa.selenium.By)&amp;quot; because &amp;quot;StepDefinition.Base.driver&amp;quot; is null">
      <![CDATA[java.lang.NullPointerException: Cannot invoke "org.openqa.selenium.WebDriver.findElement(org.openqa.selenium.By)" because "StepDefinition.Base.driver" is null
at StepDefinition.Base.the_user_clicks_on_tryhere_link(Base.java:143)
at ✽.The user clicks on Tryhere link(file:///C:/Users/gayat/eclipse-workspace/DS_Algo_final/src/test/resources/features/5DataStructures.feature:38)
]]>
    </failure>
  </testcase> <!-- runScenario -->
  <testcase classname="io.cucumber.testng.AbstractTestNGCucumberTests" name="runScenario" time="0.428">
    <failure type="java.lang.NullPointerException" message="Cannot invoke &amp;quot;org.openqa.selenium.WebDriver.findElement(org.openqa.selenium.By)&amp;quot; because &amp;quot;StepDefinition.Base.driver&amp;quot; is null">
      <![CDATA[java.lang.NullPointerException: Cannot invoke "org.openqa.selenium.WebDriver.findElement(org.openqa.selenium.By)" because "StepDefinition.Base.driver" is null
at StepDefinition.Base.the_user_clicks_on_practice_questions(Base.java:177)
at ✽.The user clicks on Practice Questions link(file:///C:/Users/gayat/eclipse-workspace/DS_Algo_final/src/test/resources/features/5DataStructures.feature:49)
]]>
    </failure>
  </testcase> <!-- runScenario -->
  <testcase classname="io.cucumber.testng.AbstractTestNGCucumberTests" name="runScenario" time="1.498"/>
  <testcase classname="io.cucumber.testng.AbstractTestNGCucumberTests" name="runScenario" time="2.056">
    <failure type="java.lang.NullPointerException" message="Cannot invoke &amp;quot;org.openqa.selenium.WebDriver.switchTo()&amp;quot; because &amp;quot;StepDefinition.Base.driver&amp;quot; is null">
      <![CDATA[java.lang.NullPointerException: Cannot invoke "org.openqa.selenium.WebDriver.switchTo()" because "StepDefinition.Base.driver" is null
at StepDefinition.Base.EnterCode(Base.java:133)
at StepDefinition.Arrays_page.when_the_user_enters_valid_code_in_code_editor(Arrays_page.java:88)
at ✽.The user enters valid code in code editor(file:///C:/Users/gayat/eclipse-workspace/DS_Algo_final/src/test/resources/features/6Arrays.feature:18)
]]>
    </failure>
  </testcase> <!-- runScenario -->
  <testcase classname="io.cucumber.testng.AbstractTestNGCucumberTests" name="runScenario" time="1.091">
    <failure type="java.lang.NullPointerException" message="Cannot invoke &amp;quot;org.openqa.selenium.WebDriver.switchTo()&amp;quot; because &amp;quot;StepDefinition.Base.driver&amp;quot; is null">
      <![CDATA[java.lang.NullPointerException: Cannot invoke "org.openqa.selenium.WebDriver.switchTo()" because "StepDefinition.Base.driver" is null
at StepDefinition.Base.EnterCode(Base.java:133)
at StepDefinition.Arrays_page.the_user_enters_invalid_code_in_code_editor(Arrays_page.java:115)
at ✽.The user enters invalid code in code editor(file:///C:/Users/gayat/eclipse-workspace/DS_Algo_final/src/test/resources/features/6Arrays.feature:27)
]]>
    </failure>
  </testcase> <!-- runScenario -->
  <testcase classname="io.cucumber.testng.AbstractTestNGCucumberTests" name="runScenario" time="0.67"/>
  <testcase classname="io.cucumber.testng.AbstractTestNGCucumberTests" name="runScenario" time="0.765"/>
  <testcase classname="io.cucumber.testng.AbstractTestNGCucumberTests" name="runScenario" time="1.19">
    <failure type="java.lang.NullPointerException" message="Cannot invoke &amp;quot;org.openqa.selenium.WebDriver.switchTo()&amp;quot; because &amp;quot;StepDefinition.Base.driver&amp;quot; is null">
      <![CDATA[java.lang.NullPointerException: Cannot invoke "org.openqa.selenium.WebDriver.switchTo()" because "StepDefinition.Base.driver" is null
at StepDefinition.Base.EnterCode(Base.java:133)
at StepDefinition.Arrays_page.when_the_user_enters_valid_code_in_code_editor(Arrays_page.java:88)
at ✽.The user enters valid code in code editor(file:///C:/Users/gayat/eclipse-workspace/DS_Algo_final/src/test/resources/features/6Arrays.feature:48)
]]>
    </failure>
  </testcase> <!-- runScenario -->
  <testcase classname="io.cucumber.testng.AbstractTestNGCucumberTests" name="runScenario" time="1.133">
    <failure type="java.lang.NullPointerException" message="Cannot invoke &amp;quot;org.openqa.selenium.WebDriver.switchTo()&amp;quot; because &amp;quot;StepDefinition.Base.driver&amp;quot; is null">
      <![CDATA[java.lang.NullPointerException: Cannot invoke "org.openqa.selenium.WebDriver.switchTo()" because "StepDefinition.Base.driver" is null
at StepDefinition.Base.EnterCode(Base.java:133)
at StepDefinition.Arrays_page.the_user_enters_invalid_code_in_code_editor(Arrays_page.java:115)
at ✽.The user enters invalid code in code editor(file:///C:/Users/gayat/eclipse-workspace/DS_Algo_final/src/test/resources/features/6Arrays.feature:57)
]]>
    </failure>
  </testcase> <!-- runScenario -->
  <testcase classname="io.cucumber.testng.AbstractTestNGCucumberTests" name="runScenario" time="0.62"/>
  <testcase classname="io.cucumber.testng.AbstractTestNGCucumberTests" name="runScenario" time="0.796"/>
  <testcase classname="io.cucumber.testng.AbstractTestNGCucumberTests" name="runScenario" time="1.201">
    <failure type="java.lang.NullPointerException" message="Cannot invoke &amp;quot;org.openqa.selenium.WebDriver.switchTo()&amp;quot; because &amp;quot;StepDefinition.Base.driver&amp;quot; is null">
      <![CDATA[java.lang.NullPointerException: Cannot invoke "org.openqa.selenium.WebDriver.switchTo()" because "StepDefinition.Base.driver" is null
at StepDefinition.Base.EnterCode(Base.java:133)
at StepDefinition.Arrays_page.when_the_user_enters_valid_code_in_code_editor(Arrays_page.java:88)
at ✽.The user enters valid code in code editor(file:///C:/Users/gayat/eclipse-workspace/DS_Algo_final/src/test/resources/features/6Arrays.feature:77)
]]>
    </failure>
  </testcase> <!-- runScenario -->
  <testcase classname="io.cucumber.testng.AbstractTestNGCucumberTests" name="runScenario" time="1.15">
    <failure type="java.lang.NullPointerException" message="Cannot invoke &amp;quot;org.openqa.selenium.WebDriver.switchTo()&amp;quot; because &amp;quot;StepDefinition.Base.driver&amp;quot; is null">
      <![CDATA[java.lang.NullPointerException: Cannot invoke "org.openqa.selenium.WebDriver.switchTo()" because "StepDefinition.Base.driver" is null
at StepDefinition.Base.EnterCode(Base.java:133)
at StepDefinition.Arrays_page.the_user_enters_invalid_code_in_code_editor(Arrays_page.java:115)
at ✽.The user enters invalid code in code editor(file:///C:/Users/gayat/eclipse-workspace/DS_Algo_final/src/test/resources/features/6Arrays.feature:86)
]]>
    </failure>
  </testcase> <!-- runScenario -->
  <testcase classname="io.cucumber.testng.AbstractTestNGCucumberTests" name="runScenario" time="0.6"/>
  <testcase classname="io.cucumber.testng.AbstractTestNGCucumberTests" name="runScenario" time="0.771"/>
  <testcase classname="io.cucumber.testng.AbstractTestNGCucumberTests" name="runScenario" time="1.128">
    <failure type="java.lang.NullPointerException" message="Cannot invoke &amp;quot;org.openqa.selenium.WebDriver.switchTo()&amp;quot; because &amp;quot;StepDefinition.Base.driver&amp;quot; is null">
      <![CDATA[java.lang.NullPointerException: Cannot invoke "org.openqa.selenium.WebDriver.switchTo()" because "StepDefinition.Base.driver" is null
at StepDefinition.Base.EnterCode(Base.java:133)
at StepDefinition.Arrays_page.when_the_user_enters_valid_code_in_code_editor(Arrays_page.java:88)
at ✽.The user enters valid code in code editor(file:///C:/Users/gayat/eclipse-workspace/DS_Algo_final/src/test/resources/features/6Arrays.feature:106)
]]>
    </failure>
  </testcase> <!-- runScenario -->
  <testcase classname="io.cucumber.testng.AbstractTestNGCucumberTests" name="runScenario" time="1.112">
    <failure type="java.lang.NullPointerException" message="Cannot invoke &amp;quot;org.openqa.selenium.WebDriver.switchTo()&amp;quot; because &amp;quot;StepDefinition.Base.driver&amp;quot; is null">
      <![CDATA[java.lang.NullPointerException: Cannot invoke "org.openqa.selenium.WebDriver.switchTo()" because "StepDefinition.Base.driver" is null
at StepDefinition.Base.EnterCode(Base.java:133)
at StepDefinition.Arrays_page.the_user_enters_invalid_code_in_code_editor(Arrays_page.java:115)
at ✽.The user enters invalid code in code editor(file:///C:/Users/gayat/eclipse-workspace/DS_Algo_final/src/test/resources/features/6Arrays.feature:115)
]]>
    </failure>
  </testcase> <!-- runScenario -->
  <testcase classname="io.cucumber.testng.AbstractTestNGCucumberTests" name="runScenario" time="0.643"/>
  <testcase classname="io.cucumber.testng.AbstractTestNGCucumberTests" name="runScenario" time="0.96">
    <failure type="java.lang.NullPointerException" message="Cannot invoke &amp;quot;org.openqa.selenium.WebDriver.switchTo()&amp;quot; because &amp;quot;StepDefinition.Base.driver&amp;quot; is null">
      <![CDATA[java.lang.NullPointerException: Cannot invoke "org.openqa.selenium.WebDriver.switchTo()" because "StepDefinition.Base.driver" is null
at StepDefinition.Base.EnterCode(Base.java:133)
at StepDefinition.Arrays_page.when_the_user_enters_valid_code_in_code_editor(Arrays_page.java:88)
at ✽.The user enters valid code in code editor(file:///C:/Users/gayat/eclipse-workspace/DS_Algo_final/src/test/resources/features/6Arrays.feature:130)
]]>
    </failure>
  </testcase> <!-- runScenario -->
  <testcase classname="io.cucumber.testng.AbstractTestNGCucumberTests" name="runScenario" time="0.975">
    <failure type="java.lang.NullPointerException" message="Cannot invoke &amp;quot;org.openqa.selenium.WebDriver.switchTo()&amp;quot; because &amp;quot;StepDefinition.Base.driver&amp;quot; is null">
      <![CDATA[java.lang.NullPointerException: Cannot invoke "org.openqa.selenium.WebDriver.switchTo()" because "StepDefinition.Base.driver" is null
at StepDefinition.Base.EnterCode(Base.java:133)
at StepDefinition.Arrays_page.when_the_user_enters_valid_code_in_code_editor(Arrays_page.java:88)
at ✽.The user enters valid code in code editor(file:///C:/Users/gayat/eclipse-workspace/DS_Algo_final/src/test/resources/features/6Arrays.feature:141)
]]>
    </failure>
  </testcase> <!-- runScenario -->
  <testcase classname="io.cucumber.testng.AbstractTestNGCucumberTests" name="runScenario" time="0.914">
    <failure type="java.lang.NullPointerException" message="Cannot invoke &amp;quot;org.openqa.selenium.WebDriver.switchTo()&amp;quot; because &amp;quot;StepDefinition.Base.driver&amp;quot; is null">
      <![CDATA[java.lang.NullPointerException: Cannot invoke "org.openqa.selenium.WebDriver.switchTo()" because "StepDefinition.Base.driver" is null
at StepDefinition.Base.EnterCode(Base.java:133)
at StepDefinition.Arrays_page.when_the_user_enters_valid_code_in_code_editor(Arrays_page.java:88)
at ✽.The user enters valid code in code editor(file:///C:/Users/gayat/eclipse-workspace/DS_Algo_final/src/test/resources/features/6Arrays.feature:152)
]]>
    </failure>
  </testcase> <!-- runScenario -->
  <testcase classname="io.cucumber.testng.AbstractTestNGCucumberTests" name="runScenario" time="1.052">
    <failure type="java.lang.NullPointerException" message="Cannot invoke &amp;quot;org.openqa.selenium.WebDriver.switchTo()&amp;quot; because &amp;quot;StepDefinition.Base.driver&amp;quot; is null">
      <![CDATA[java.lang.NullPointerException: Cannot invoke "org.openqa.selenium.WebDriver.switchTo()" because "StepDefinition.Base.driver" is null
at StepDefinition.Base.EnterCode(Base.java:133)
at StepDefinition.Arrays_page.when_the_user_enters_valid_code_in_code_editor(Arrays_page.java:88)
at ✽.The user enters valid code in code editor(file:///C:/Users/gayat/eclipse-workspace/DS_Algo_final/src/test/resources/features/6Arrays.feature:163)
]]>
    </failure>
  </testcase> <!-- runScenario -->
  <testcase classname="io.cucumber.testng.AbstractTestNGCucumberTests" name="runScenario" time="0.85"/>
  <testcase classname="io.cucumber.testng.AbstractTestNGCucumberTests" name="runScenario" time="1.004">
    <failure type="java.lang.NullPointerException" message="Cannot invoke &amp;quot;org.openqa.selenium.WebDriver.switchTo()&amp;quot; because &amp;quot;StepDefinition.Base.driver&amp;quot; is null">
      <![CDATA[java.lang.NullPointerException: Cannot invoke "org.openqa.selenium.WebDriver.switchTo()" because "StepDefinition.Base.driver" is null
at StepDefinition.Base.EnterCode(Base.java:133)
at StepDefinition.LinkedList.the_user_enters_valid_code_in_linked_list_code_editor(LinkedList.java:50)
at ✽.The user enters valid code in Linked List code editor(file:///C:/Users/gayat/eclipse-workspace/DS_Algo_final/src/test/resources/features/7Linked_List.feature:18)
]]>
    </failure>
  </testcase> <!-- runScenario -->
  <testcase classname="io.cucumber.testng.AbstractTestNGCucumberTests" name="runScenario" time="1.028">
    <failure type="java.lang.NullPointerException" message="Cannot invoke &amp;quot;org.openqa.selenium.WebDriver.switchTo()&amp;quot; because &amp;quot;StepDefinition.Base.driver&amp;quot; is null">
      <![CDATA[java.lang.NullPointerException: Cannot invoke "org.openqa.selenium.WebDriver.switchTo()" because "StepDefinition.Base.driver" is null
at StepDefinition.Base.EnterCode(Base.java:133)
at StepDefinition.LinkedList.the_user_enters_invalid_code_linked_list_in_code_editor(LinkedList.java:57)
at ✽.The user enters invalid code in Linked List code editor(file:///C:/Users/gayat/eclipse-workspace/DS_Algo_final/src/test/resources/features/7Linked_List.feature:27)
]]>
    </failure>
  </testcase> <!-- runScenario -->
  <testcase classname="io.cucumber.testng.AbstractTestNGCucumberTests" name="runScenario" time="0.732"/>
  <testcase classname="io.cucumber.testng.AbstractTestNGCucumberTests" name="runScenario" time="0.769"/>
  <testcase classname="io.cucumber.testng.AbstractTestNGCucumberTests" name="runScenario" time="0.974">
    <failure type="java.lang.NullPointerException" message="Cannot invoke &amp;quot;org.openqa.selenium.WebDriver.switchTo()&amp;quot; because &amp;quot;StepDefinition.Base.driver&amp;quot; is null">
      <![CDATA[java.lang.NullPointerException: Cannot invoke "org.openqa.selenium.WebDriver.switchTo()" because "StepDefinition.Base.driver" is null
at StepDefinition.Base.EnterCode(Base.java:133)
at StepDefinition.LinkedList.the_user_enters_valid_code_in_linked_list_code_editor(LinkedList.java:50)
at ✽.The user enters valid code in Linked List code editor(file:///C:/Users/gayat/eclipse-workspace/DS_Algo_final/src/test/resources/features/7Linked_List.feature:49)
]]>
    </failure>
  </testcase> <!-- runScenario -->
  <testcase classname="io.cucumber.testng.AbstractTestNGCucumberTests" name="runScenario" time="0.979">
    <failure type="java.lang.NullPointerException" message="Cannot invoke &amp;quot;org.openqa.selenium.WebDriver.switchTo()&amp;quot; because &amp;quot;StepDefinition.Base.driver&amp;quot; is null">
      <![CDATA[java.lang.NullPointerException: Cannot invoke "org.openqa.selenium.WebDriver.switchTo()" because "StepDefinition.Base.driver" is null
at StepDefinition.Base.EnterCode(Base.java:133)
at StepDefinition.LinkedList.the_user_enters_invalid_code_linked_list_in_code_editor(LinkedList.java:57)
at ✽.The user enters invalid code in Linked List code editor(file:///C:/Users/gayat/eclipse-workspace/DS_Algo_final/src/test/resources/features/7Linked_List.feature:61)
]]>
    </failure>
  </testcase> <!-- runScenario -->
  <testcase classname="io.cucumber.testng.AbstractTestNGCucumberTests" name="runScenario" time="0.791"/>
  <testcase classname="io.cucumber.testng.AbstractTestNGCucumberTests" name="runScenario" time="1.167"/>
  <testcase classname="io.cucumber.testng.AbstractTestNGCucumberTests" name="runScenario" time="2.076">
    <failure type="java.lang.NullPointerException" message="Cannot invoke &amp;quot;org.openqa.selenium.WebDriver.switchTo()&amp;quot; because &amp;quot;StepDefinition.Base.driver&amp;quot; is null">
      <![CDATA[java.lang.NullPointerException: Cannot invoke "org.openqa.selenium.WebDriver.switchTo()" because "StepDefinition.Base.driver" is null
at StepDefinition.Base.EnterCode(Base.java:133)
at StepDefinition.LinkedList.the_user_enters_valid_code_in_linked_list_code_editor(LinkedList.java:50)
at ✽.The user enters valid code in Linked List code editor(file:///C:/Users/gayat/eclipse-workspace/DS_Algo_final/src/test/resources/features/7Linked_List.feature:83)
]]>
    </failure>
  </testcase> <!-- runScenario -->
  <testcase classname="io.cucumber.testng.AbstractTestNGCucumberTests" name="runScenario" time="1.306"/>
  <testcase classname="io.cucumber.testng.AbstractTestNGCucumberTests" name="runScenario" time="1.077"/>
  <testcase classname="io.cucumber.testng.AbstractTestNGCucumberTests" name="runScenario" time="1.379">
    <failure type="java.lang.NullPointerException" message="Cannot invoke &amp;quot;org.openqa.selenium.WebDriver.switchTo()&amp;quot; because &amp;quot;StepDefinition.Base.driver&amp;quot; is null">
      <![CDATA[java.lang.NullPointerException: Cannot invoke "org.openqa.selenium.WebDriver.switchTo()" because "StepDefinition.Base.driver" is null
at StepDefinition.Base.EnterCode(Base.java:133)
at StepDefinition.LinkedList.the_user_enters_valid_code_in_linked_list_code_editor(LinkedList.java:50)
at ✽.The user enters valid code in Linked List code editor(file:///C:/Users/gayat/eclipse-workspace/DS_Algo_final/src/test/resources/features/7Linked_List.feature:108)
]]>
    </failure>
  </testcase> <!-- runScenario -->
  <testcase classname="io.cucumber.testng.AbstractTestNGCucumberTests" name="runScenario" time="1.266"/>
  <testcase classname="io.cucumber.testng.AbstractTestNGCucumberTests" name="runScenario" time="1.077"/>
  <testcase classname="io.cucumber.testng.AbstractTestNGCucumberTests" name="runScenario" time="1.385">
    <failure type="java.lang.NullPointerException" message="Cannot invoke &amp;quot;org.openqa.selenium.WebDriver.switchTo()&amp;quot; because &amp;quot;StepDefinition.Base.driver&amp;quot; is null">
      <![CDATA[java.lang.NullPointerException: Cannot invoke "org.openqa.selenium.WebDriver.switchTo()" because "StepDefinition.Base.driver" is null
at StepDefinition.Base.EnterCode(Base.java:133)
at StepDefinition.LinkedList.the_user_enters_valid_code_in_linked_list_code_editor(LinkedList.java:50)
at ✽.The user enters valid code in Linked List code editor(file:///C:/Users/gayat/eclipse-workspace/DS_Algo_final/src/test/resources/features/7Linked_List.feature:133)
]]>
    </failure>
  </testcase> <!-- runScenario -->
  <testcase classname="io.cucumber.testng.AbstractTestNGCucumberTests" name="runScenario" time="1.016"/>
  <testcase classname="io.cucumber.testng.AbstractTestNGCucumberTests" name="runScenario" time="0.959"/>
  <testcase classname="io.cucumber.testng.AbstractTestNGCucumberTests" name="runScenario" time="1.267">
    <failure type="java.lang.NullPointerException" message="Cannot invoke &amp;quot;org.openqa.selenium.WebDriver.switchTo()&amp;quot; because &amp;quot;StepDefinition.Base.driver&amp;quot; is null">
      <![CDATA[java.lang.NullPointerException: Cannot invoke "org.openqa.selenium.WebDriver.switchTo()" because "StepDefinition.Base.driver" is null
at StepDefinition.Base.EnterCode(Base.java:133)
at StepDefinition.LinkedList.the_user_enters_valid_code_in_linked_list_code_editor(LinkedList.java:50)
at ✽.The user enters valid code in Linked List code editor(file:///C:/Users/gayat/eclipse-workspace/DS_Algo_final/src/test/resources/features/7Linked_List.feature:158)
]]>
    </failure>
  </testcase> <!-- runScenario -->
  <testcase classname="io.cucumber.testng.AbstractTestNGCucumberTests" name="runScenario" time="1.05"/>
  <testcase classname="io.cucumber.testng.AbstractTestNGCucumberTests" name="runScenario" time="1.019"/>
  <testcase classname="io.cucumber.testng.AbstractTestNGCucumberTests" name="runScenario" time="1.351">
    <failure type="java.lang.NullPointerException" message="Cannot invoke &amp;quot;org.openqa.selenium.WebDriver.switchTo()&amp;quot; because &amp;quot;StepDefinition.Base.driver&amp;quot; is null">
      <![CDATA[java.lang.NullPointerException: Cannot invoke "org.openqa.selenium.WebDriver.switchTo()" because "StepDefinition.Base.driver" is null
at StepDefinition.Base.EnterCode(Base.java:133)
at StepDefinition.LinkedList.the_user_enters_valid_code_in_linked_list_code_editor(LinkedList.java:50)
at ✽.The user enters valid code in Linked List code editor(file:///C:/Users/gayat/eclipse-workspace/DS_Algo_final/src/test/resources/features/7Linked_List.feature:183)
]]>
    </failure>
  </testcase> <!-- runScenario -->
  <testcase classname="io.cucumber.testng.AbstractTestNGCucumberTests" name="runScenario" time="0.912"/>
  <testcase classname="io.cucumber.testng.AbstractTestNGCucumberTests" name="runScenario" time="0.829"/>
  <testcase classname="io.cucumber.testng.AbstractTestNGCucumberTests" name="runScenario" time="0.565">
    <failure type="java.lang.NullPointerException" message="Cannot invoke &amp;quot;org.openqa.selenium.WebDriver.findElement(org.openqa.selenium.By)&amp;quot; because &amp;quot;StepDefinition.Base.driver&amp;quot; is null">
      <![CDATA[java.lang.NullPointerException: Cannot invoke "org.openqa.selenium.WebDriver.findElement(org.openqa.selenium.By)" because "StepDefinition.Base.driver" is null
at StepDefinition.Base.the_user_clicks_on_tryhere_link(Base.java:143)
at ✽.The user clicks on Tryhere link(file:///C:/Users/gayat/eclipse-workspace/DS_Algo_final/src/test/resources/features/81Stack.feature:17)
]]>
    </failure>
  </testcase> <!-- runScenario -->
  <testcase classname="io.cucumber.testng.AbstractTestNGCucumberTests" name="runScenario" time="0.491">
    <failure type="java.lang.NullPointerException" message="Cannot invoke &amp;quot;org.openqa.selenium.WebDriver.findElement(org.openqa.selenium.By)&amp;quot; because &amp;quot;StepDefinition.Base.driver&amp;quot; is null">
      <![CDATA[java.lang.NullPointerException: Cannot invoke "org.openqa.selenium.WebDriver.findElement(org.openqa.selenium.By)" because "StepDefinition.Base.driver" is null
at StepDefinition.Base.the_user_clicks_on_tryhere_link(Base.java:143)
at ✽.The user clicks on Tryhere link(file:///C:/Users/gayat/eclipse-workspace/DS_Algo_final/src/test/resources/features/81Stack.feature:24)
]]>
    </failure>
  </testcase> <!-- runScenario -->
  <testcase classname="io.cucumber.testng.AbstractTestNGCucumberTests" name="runScenario" time="0.51">
    <failure type="java.lang.NullPointerException" message="Cannot invoke &amp;quot;org.openqa.selenium.WebDriver.findElement(org.openqa.selenium.By)&amp;quot; because &amp;quot;StepDefinition.Base.driver&amp;quot; is null">
      <![CDATA[java.lang.NullPointerException: Cannot invoke "org.openqa.selenium.WebDriver.findElement(org.openqa.selenium.By)" because "StepDefinition.Base.driver" is null
at StepDefinition.Base.the_user_clicks_on_tryhere_link(Base.java:143)
at ✽.The user clicks on Tryhere link(file:///C:/Users/gayat/eclipse-workspace/DS_Algo_final/src/test/resources/features/81Stack.feature:35)
]]>
    </failure>
  </testcase> <!-- runScenario -->
  <testcase classname="io.cucumber.testng.AbstractTestNGCucumberTests" name="runScenario" time="0.556"/>
  <testcase classname="io.cucumber.testng.AbstractTestNGCucumberTests" name="runScenario" time="0.561">
    <failure type="java.lang.NullPointerException" message="Cannot invoke &amp;quot;org.openqa.selenium.WebDriver.findElement(org.openqa.selenium.By)&amp;quot; because &amp;quot;StepDefinition.Base.driver&amp;quot; is null">
      <![CDATA[java.lang.NullPointerException: Cannot invoke "org.openqa.selenium.WebDriver.findElement(org.openqa.selenium.By)" because "StepDefinition.Base.driver" is null
at StepDefinition.Base.the_user_clicks_on_tryhere_link(Base.java:143)
at ✽.The user clicks on Tryhere link(file:///C:/Users/gayat/eclipse-workspace/DS_Algo_final/src/test/resources/features/81Stack.feature:51)
]]>
    </failure>
  </testcase> <!-- runScenario -->
  <testcase classname="io.cucumber.testng.AbstractTestNGCucumberTests" name="runScenario" time="0.485">
    <failure type="java.lang.NullPointerException" message="Cannot invoke &amp;quot;org.openqa.selenium.WebDriver.findElement(org.openqa.selenium.By)&amp;quot; because &amp;quot;StepDefinition.Base.driver&amp;quot; is null">
      <![CDATA[java.lang.NullPointerException: Cannot invoke "org.openqa.selenium.WebDriver.findElement(org.openqa.selenium.By)" because "StepDefinition.Base.driver" is null
at StepDefinition.Base.the_user_clicks_on_tryhere_link(Base.java:143)
at ✽.The user clicks on Tryhere link(file:///C:/Users/gayat/eclipse-workspace/DS_Algo_final/src/test/resources/features/81Stack.feature:59)
]]>
    </failure>
  </testcase> <!-- runScenario -->
  <testcase classname="io.cucumber.testng.AbstractTestNGCucumberTests" name="runScenario" time="0.536">
    <failure type="java.lang.NullPointerException" message="Cannot invoke &amp;quot;org.openqa.selenium.WebDriver.findElement(org.openqa.selenium.By)&amp;quot; because &amp;quot;StepDefinition.Base.driver&amp;quot; is null">
      <![CDATA[java.lang.NullPointerException: Cannot invoke "org.openqa.selenium.WebDriver.findElement(org.openqa.selenium.By)" because "StepDefinition.Base.driver" is null
at StepDefinition.Base.the_user_clicks_on_tryhere_link(Base.java:143)
at ✽.The user clicks on Tryhere link(file:///C:/Users/gayat/eclipse-workspace/DS_Algo_final/src/test/resources/features/81Stack.feature:69)
]]>
    </failure>
  </testcase> <!-- runScenario -->
  <testcase classname="io.cucumber.testng.AbstractTestNGCucumberTests" name="runScenario" time="0.558"/>
  <testcase classname="io.cucumber.testng.AbstractTestNGCucumberTests" name="runScenario" time="0.549">
    <failure type="java.lang.NullPointerException" message="Cannot invoke &amp;quot;org.openqa.selenium.WebDriver.findElement(org.openqa.selenium.By)&amp;quot; because &amp;quot;StepDefinition.Base.driver&amp;quot; is null">
      <![CDATA[java.lang.NullPointerException: Cannot invoke "org.openqa.selenium.WebDriver.findElement(org.openqa.selenium.By)" because "StepDefinition.Base.driver" is null
at StepDefinition.Base.the_user_clicks_on_tryhere_link(Base.java:143)
at ✽.The user clicks on Tryhere link(file:///C:/Users/gayat/eclipse-workspace/DS_Algo_final/src/test/resources/features/82Queue.feature:17)
]]>
    </failure>
  </testcase> <!-- runScenario -->
  <testcase classname="io.cucumber.testng.AbstractTestNGCucumberTests" name="runScenario" time="0.501">
    <failure type="java.lang.NullPointerException" message="Cannot invoke &amp;quot;org.openqa.selenium.WebDriver.findElement(org.openqa.selenium.By)&amp;quot; because &amp;quot;StepDefinition.Base.driver&amp;quot; is null">
      <![CDATA[java.lang.NullPointerException: Cannot invoke "org.openqa.selenium.WebDriver.findElement(org.openqa.selenium.By)" because "StepDefinition.Base.driver" is null
at StepDefinition.Base.the_user_clicks_on_tryhere_link(Base.java:143)
at ✽.The user clicks on Tryhere link(file:///C:/Users/gayat/eclipse-workspace/DS_Algo_final/src/test/resources/features/82Queue.feature:24)
]]>
    </failure>
  </testcase> <!-- runScenario -->
  <testcase classname="io.cucumber.testng.AbstractTestNGCucumberTests" name="runScenario" time="0.568">
    <failure type="java.lang.NullPointerException" message="Cannot invoke &amp;quot;org.openqa.selenium.WebDriver.findElement(org.openqa.selenium.By)&amp;quot; because &amp;quot;StepDefinition.Base.driver&amp;quot; is null">
      <![CDATA[java.lang.NullPointerException: Cannot invoke "org.openqa.selenium.WebDriver.findElement(org.openqa.selenium.By)" because "StepDefinition.Base.driver" is null
at StepDefinition.Base.the_user_clicks_on_tryhere_link(Base.java:143)
at ✽.The user clicks on Tryhere link(file:///C:/Users/gayat/eclipse-workspace/DS_Algo_final/src/test/resources/features/82Queue.feature:35)
]]>
    </failure>
  </testcase> <!-- runScenario -->
  <testcase classname="io.cucumber.testng.AbstractTestNGCucumberTests" name="runScenario" time="0.596"/>
  <testcase classname="io.cucumber.testng.AbstractTestNGCucumberTests" name="runScenario" time="0.494">
    <failure type="java.lang.NullPointerException" message="Cannot invoke &amp;quot;org.openqa.selenium.WebDriver.findElement(org.openqa.selenium.By)&amp;quot; because &amp;quot;StepDefinition.Base.driver&amp;quot; is null">
      <![CDATA[java.lang.NullPointerException: Cannot invoke "org.openqa.selenium.WebDriver.findElement(org.openqa.selenium.By)" because "StepDefinition.Base.driver" is null
at StepDefinition.Base.the_user_clicks_on_tryhere_link(Base.java:143)
at ✽.The user clicks on Tryhere link(file:///C:/Users/gayat/eclipse-workspace/DS_Algo_final/src/test/resources/features/82Queue.feature:51)
]]>
    </failure>
  </testcase> <!-- runScenario -->
  <testcase classname="io.cucumber.testng.AbstractTestNGCucumberTests" name="runScenario" time="0.599">
    <failure type="java.lang.NullPointerException" message="Cannot invoke &amp;quot;org.openqa.selenium.WebDriver.findElement(org.openqa.selenium.By)&amp;quot; because &amp;quot;StepDefinition.Base.driver&amp;quot; is null">
      <![CDATA[java.lang.NullPointerException: Cannot invoke "org.openqa.selenium.WebDriver.findElement(org.openqa.selenium.By)" because "StepDefinition.Base.driver" is null
at StepDefinition.Base.the_user_clicks_on_tryhere_link(Base.java:143)
at ✽.The user clicks on Tryhere link(file:///C:/Users/gayat/eclipse-workspace/DS_Algo_final/src/test/resources/features/82Queue.feature:59)
]]>
    </failure>
  </testcase> <!-- runScenario -->
  <testcase classname="io.cucumber.testng.AbstractTestNGCucumberTests" name="runScenario" time="0.56">
    <failure type="java.lang.NullPointerException" message="Cannot invoke &amp;quot;org.openqa.selenium.WebDriver.findElement(org.openqa.selenium.By)&amp;quot; because &amp;quot;StepDefinition.Base.driver&amp;quot; is null">
      <![CDATA[java.lang.NullPointerException: Cannot invoke "org.openqa.selenium.WebDriver.findElement(org.openqa.selenium.By)" because "StepDefinition.Base.driver" is null
at StepDefinition.Base.the_user_clicks_on_tryhere_link(Base.java:143)
at ✽.The user clicks on Tryhere link(file:///C:/Users/gayat/eclipse-workspace/DS_Algo_final/src/test/resources/features/82Queue.feature:69)
]]>
    </failure>
  </testcase> <!-- runScenario -->
  <testcase classname="io.cucumber.testng.AbstractTestNGCucumberTests" name="runScenario" time="0.619"/>
  <testcase classname="io.cucumber.testng.AbstractTestNGCucumberTests" name="runScenario" time="0.521">
    <failure type="java.lang.NullPointerException" message="Cannot invoke &amp;quot;org.openqa.selenium.WebDriver.findElement(org.openqa.selenium.By)&amp;quot; because &amp;quot;StepDefinition.Base.driver&amp;quot; is null">
      <![CDATA[java.lang.NullPointerException: Cannot invoke "org.openqa.selenium.WebDriver.findElement(org.openqa.selenium.By)" because "StepDefinition.Base.driver" is null
at StepDefinition.Base.the_user_clicks_on_tryhere_link(Base.java:143)
at ✽.The user clicks on Tryhere link(file:///C:/Users/gayat/eclipse-workspace/DS_Algo_final/src/test/resources/features/91Tree.feature:18)
]]>
    </failure>
  </testcase> <!-- runScenario -->
  <testcase classname="io.cucumber.testng.AbstractTestNGCucumberTests" name="runScenario" time="0.571">
    <failure type="java.lang.NullPointerException" message="Cannot invoke &amp;quot;org.openqa.selenium.WebDriver.findElement(org.openqa.selenium.By)&amp;quot; because &amp;quot;StepDefinition.Base.driver&amp;quot; is null">
      <![CDATA[java.lang.NullPointerException: Cannot invoke "org.openqa.selenium.WebDriver.findElement(org.openqa.selenium.By)" because "StepDefinition.Base.driver" is null
at StepDefinition.Base.the_user_clicks_on_tryhere_link(Base.java:143)
at ✽.The user clicks on Tryhere link(file:///C:/Users/gayat/eclipse-workspace/DS_Algo_final/src/test/resources/features/91Tree.feature:25)
]]>
    </failure>
  </testcase> <!-- runScenario -->
  <testcase classname="io.cucumber.testng.AbstractTestNGCucumberTests" name="runScenario" time="0.579">
    <failure type="java.lang.NullPointerException" message="Cannot invoke &amp;quot;org.openqa.selenium.WebDriver.findElement(org.openqa.selenium.By)&amp;quot; because &amp;quot;StepDefinition.Base.driver&amp;quot; is null">
      <![CDATA[java.lang.NullPointerException: Cannot invoke "org.openqa.selenium.WebDriver.findElement(org.openqa.selenium.By)" because "StepDefinition.Base.driver" is null
at StepDefinition.Base.the_user_clicks_on_tryhere_link(Base.java:143)
at ✽.The user clicks on Tryhere link(file:///C:/Users/gayat/eclipse-workspace/DS_Algo_final/src/test/resources/features/91Tree.feature:36)
]]>
    </failure>
  </testcase> <!-- runScenario -->
  <testcase classname="io.cucumber.testng.AbstractTestNGCucumberTests" name="runScenario" time="0.563"/>
  <testcase classname="io.cucumber.testng.AbstractTestNGCucumberTests" name="runScenario" time="0.484">
    <failure type="java.lang.NullPointerException" message="Cannot invoke &amp;quot;org.openqa.selenium.WebDriver.findElement(org.openqa.selenium.By)&amp;quot; because &amp;quot;StepDefinition.Base.driver&amp;quot; is null">
      <![CDATA[java.lang.NullPointerException: Cannot invoke "org.openqa.selenium.WebDriver.findElement(org.openqa.selenium.By)" because "StepDefinition.Base.driver" is null
at StepDefinition.Base.the_user_clicks_on_tryhere_link(Base.java:143)
at ✽.The user clicks on Tryhere link(file:///C:/Users/gayat/eclipse-workspace/DS_Algo_final/src/test/resources/features/91Tree.feature:60)
]]>
    </failure>
  </testcase> <!-- runScenario -->
  <testcase classname="io.cucumber.testng.AbstractTestNGCucumberTests" name="runScenario" time="0.53">
    <failure type="java.lang.NullPointerException" message="Cannot invoke &amp;quot;org.openqa.selenium.WebDriver.findElement(org.openqa.selenium.By)&amp;quot; because &amp;quot;StepDefinition.Base.driver&amp;quot; is null">
      <![CDATA[java.lang.NullPointerException: Cannot invoke "org.openqa.selenium.WebDriver.findElement(org.openqa.selenium.By)" because "StepDefinition.Base.driver" is null
at StepDefinition.Base.the_user_clicks_on_tryhere_link(Base.java:143)
at ✽.The user clicks on Tryhere link(file:///C:/Users/gayat/eclipse-workspace/DS_Algo_final/src/test/resources/features/91Tree.feature:67)
]]>
    </failure>
  </testcase> <!-- runScenario -->
  <testcase classname="io.cucumber.testng.AbstractTestNGCucumberTests" name="runScenario" time="0.532">
    <failure type="java.lang.NullPointerException" message="Cannot invoke &amp;quot;org.openqa.selenium.WebDriver.findElement(org.openqa.selenium.By)&amp;quot; because &amp;quot;StepDefinition.Base.driver&amp;quot; is null">
      <![CDATA[java.lang.NullPointerException: Cannot invoke "org.openqa.selenium.WebDriver.findElement(org.openqa.selenium.By)" because "StepDefinition.Base.driver" is null
at StepDefinition.Base.the_user_clicks_on_tryhere_link(Base.java:143)
at ✽.The user clicks on Tryhere link(file:///C:/Users/gayat/eclipse-workspace/DS_Algo_final/src/test/resources/features/91Tree.feature:78)
]]>
    </failure>
  </testcase> <!-- runScenario -->
  <testcase classname="io.cucumber.testng.AbstractTestNGCucumberTests" name="runScenario" time="0.654">
    <failure type="java.lang.NullPointerException" message="Cannot invoke &amp;quot;org.openqa.selenium.WebDriver.findElement(org.openqa.selenium.By)&amp;quot; because &amp;quot;StepDefinition.Base.driver&amp;quot; is null">
      <![CDATA[java.lang.NullPointerException: Cannot invoke "org.openqa.selenium.WebDriver.findElement(org.openqa.selenium.By)" because "StepDefinition.Base.driver" is null
at StepDefinition.Base.the_user_clicks_on_practice_questions(Base.java:177)
at ✽.The user clicks on Practice Questions link(file:///C:/Users/gayat/eclipse-workspace/DS_Algo_final/src/test/resources/features/91Tree.feature:89)
]]>
    </failure>
  </testcase> <!-- runScenario -->
  <testcase classname="io.cucumber.testng.AbstractTestNGCucumberTests" name="runScenario" time="0.603"/>
  <testcase classname="io.cucumber.testng.AbstractTestNGCucumberTests" name="runScenario" time="0.492">
    <failure type="java.lang.NullPointerException" message="Cannot invoke &amp;quot;org.openqa.selenium.WebDriver.findElement(org.openqa.selenium.By)&amp;quot; because &amp;quot;StepDefinition.Base.driver&amp;quot; is null">
      <![CDATA[java.lang.NullPointerException: Cannot invoke "org.openqa.selenium.WebDriver.findElement(org.openqa.selenium.By)" because "StepDefinition.Base.driver" is null
at StepDefinition.Base.the_user_clicks_on_tryhere_link(Base.java:143)
at ✽.The user clicks on Tryhere link(file:///C:/Users/gayat/eclipse-workspace/DS_Algo_final/src/test/resources/features/92Graph.feature:18)
]]>
    </failure>
  </testcase> <!-- runScenario -->
  <testcase classname="io.cucumber.testng.AbstractTestNGCucumberTests" name="runScenario" time="0.59">
    <failure type="java.lang.NullPointerException" message="Cannot invoke &amp;quot;org.openqa.selenium.WebDriver.findElement(org.openqa.selenium.By)&amp;quot; because &amp;quot;StepDefinition.Base.driver&amp;quot; is null">
      <![CDATA[java.lang.NullPointerException: Cannot invoke "org.openqa.selenium.WebDriver.findElement(org.openqa.selenium.By)" because "StepDefinition.Base.driver" is null
at StepDefinition.Base.the_user_clicks_on_tryhere_link(Base.java:143)
at ✽.The user clicks on Tryhere link(file:///C:/Users/gayat/eclipse-workspace/DS_Algo_final/src/test/resources/features/92Graph.feature:25)
]]>
    </failure>
  </testcase> <!-- runScenario -->
  <testcase classname="io.cucumber.testng.AbstractTestNGCucumberTests" name="runScenario" time="0.48">
    <failure type="java.lang.NullPointerException" message="Cannot invoke &amp;quot;org.openqa.selenium.WebDriver.findElement(org.openqa.selenium.By)&amp;quot; because &amp;quot;StepDefinition.Base.driver&amp;quot; is null">
      <![CDATA[java.lang.NullPointerException: Cannot invoke "org.openqa.selenium.WebDriver.findElement(org.openqa.selenium.By)" because "StepDefinition.Base.driver" is null
at StepDefinition.Base.the_user_clicks_on_tryhere_link(Base.java:143)
at ✽.The user clicks on Tryhere link(file:///C:/Users/gayat/eclipse-workspace/DS_Algo_final/src/test/resources/features/92Graph.feature:36)
]]>
    </failure>
  </testcase> <!-- runScenario -->
  <testcase classname="io.cucumber.testng.AbstractTestNGCucumberTests" name="runScenario" time="0.746"/>
  <testcase classname="io.cucumber.testng.AbstractTestNGCucumberTests" name="runScenario" time="0.466">
    <failure type="java.lang.NullPointerException" message="Cannot invoke &amp;quot;org.openqa.selenium.WebDriver.findElement(org.openqa.selenium.By)&amp;quot; because &amp;quot;StepDefinition.Base.driver&amp;quot; is null">
      <![CDATA[java.lang.NullPointerException: Cannot invoke "org.openqa.selenium.WebDriver.findElement(org.openqa.selenium.By)" because "StepDefinition.Base.driver" is null
at StepDefinition.Base.the_user_clicks_on_tryhere_link(Base.java:143)
at ✽.The user clicks on Tryhere link(file:///C:/Users/gayat/eclipse-workspace/DS_Algo_final/src/test/resources/features/92Graph.feature:52)
]]>
    </failure>
  </testcase> <!-- runScenario -->
  <testcase classname="io.cucumber.testng.AbstractTestNGCucumberTests" name="runScenario" time="0.508">
    <failure type="java.lang.NullPointerException" message="Cannot invoke &amp;quot;org.openqa.selenium.WebDriver.findElement(org.openqa.selenium.By)&amp;quot; because &amp;quot;StepDefinition.Base.driver&amp;quot; is null">
      <![CDATA[java.lang.NullPointerException: Cannot invoke "org.openqa.selenium.WebDriver.findElement(org.openqa.selenium.By)" because "StepDefinition.Base.driver" is null
at StepDefinition.Base.the_user_clicks_on_tryhere_link(Base.java:143)
at ✽.The user clicks on Tryhere link(file:///C:/Users/gayat/eclipse-workspace/DS_Algo_final/src/test/resources/features/92Graph.feature:59)
]]>
    </failure>
  </testcase> <!-- runScenario -->
  <testcase classname="io.cucumber.testng.AbstractTestNGCucumberTests" name="runScenario" time="0.508">
    <failure type="java.lang.NullPointerException" message="Cannot invoke &amp;quot;org.openqa.selenium.WebDriver.findElement(org.openqa.selenium.By)&amp;quot; because &amp;quot;StepDefinition.Base.driver&amp;quot; is null">
      <![CDATA[java.lang.NullPointerException: Cannot invoke "org.openqa.selenium.WebDriver.findElement(org.openqa.selenium.By)" because "StepDefinition.Base.driver" is null
at StepDefinition.Base.the_user_clicks_on_tryhere_link(Base.java:143)
at ✽.The user clicks on Tryhere link(file:///C:/Users/gayat/eclipse-workspace/DS_Algo_final/src/test/resources/features/92Graph.feature:69)
]]>
    </failure>
  </testcase> <!-- runScenario -->
  <testcase classname="io.cucumber.testng.AbstractTestNGCucumberTests" name="runScenario" time="0.649">
    <failure type="java.lang.NullPointerException" message="Cannot invoke &amp;quot;org.openqa.selenium.WebDriver.findElement(org.openqa.selenium.By)&amp;quot; because &amp;quot;StepDefinition.Base.driver&amp;quot; is null">
      <![CDATA[java.lang.NullPointerException: Cannot invoke "org.openqa.selenium.WebDriver.findElement(org.openqa.selenium.By)" because "StepDefinition.Base.driver" is null
at StepDefinition.Base.the_user_clicks_on_practice_questions(Base.java:177)
at ✽.The user clicks on Practice Questions link(file:///C:/Users/gayat/eclipse-workspace/DS_Algo_final/src/test/resources/features/92Graph.feature:79)
]]>
    </failure>
  </testcase> <!-- runScenario -->
  <testcase classname="io.cucumber.testng.AbstractTestNGCucumberTests" name="runScenario" time="1.142"/>
  <testcase classname="StepDefinition.Base" name="alertScreenShot" time="0.934"/>
</testsuite> <!-- Default test -->
